<?xml version="1.0" encoding="UTF-8"?>
<!-- Generated by org.testng.reporters.JUnitReportReporter -->
<testsuite hostname="Reka" failures="0" tests="1" name="docker.ChromeTest3" time="11.885" errors="0" timestamp="2024-07-12T18:52:06 CDT" skipped="0">
  <testcase classname="docker.ChromeTest3" name="test1" time="11.885"/>
</testsuite> <!-- docker.ChromeTest3 -->
