<?xml version="1.0" encoding="UTF-8"?>
<!-- Generated by org.testng.reporters.JUnitReportReporter -->
<testsuite hostname="Reka" failures="0" tests="2" name="docker.SetupDockerGrid" time="30.102" errors="0" timestamp="2024-07-12T17:52:11 CDT" skipped="0">
  <testcase classname="docker.SetupDockerGrid" name="startDockerGrid" time="15.044"/>
  <testcase classname="docker.SetupDockerGrid" name="stopDockerGrid" time="15.058"/>
</testsuite> <!-- docker.SetupDockerGrid -->
