<?xml version="1.0" encoding="UTF-8"?>
<!-- Generated by org.testng.reporters.JUnitReportReporter -->
<testsuite hostname="Reka" failures="0" tests="1" name="docker.ChromeTest2" time="5.910" errors="0" timestamp="2024-07-29T21:25:44 CDT" skipped="0">
  <testcase classname="docker.ChromeTest2" name="test1" time="5.910"/>
</testsuite> <!-- docker.ChromeTest2 -->
